[2025-06-12 13:46:32] ERROR: error is working
[2025-06-12 13:46:34] ERROR: This is an error message: Error: Unknown column 'hi' in 'field list'
[2025-06-12 13:49:15] ERROR: error is working
[2025-06-12 14:00:20] ERROR: error is working
[2025-06-12 14:07:24] ERROR: error is working
[2025-06-12 14:10:08] ERROR: error is working
[2025-06-12 14:36:30] ERROR: error is working
[2025-06-12 14:37:12] ERROR: error is working
[2025-06-12 14:37:25] ERROR: error is working
[2025-06-12 14:38:22] ERROR: error is working
[2025-06-12 14:38:25] ERROR: error is working
[2025-06-12 14:39:20] ERROR: error is working
[2025-06-12 14:40:57] ERROR: error is working
[2025-06-12 14:42:08] ERROR: error is working
[2025-06-12 14:42:11] ERROR: error is working
[2025-06-12 14:42:28] ERROR: error is working
[2025-06-12 14:42:31] ERROR: error is working
[2025-06-12 14:45:14] ERROR: error is working
[2025-06-12 14:45:20] ERROR: error is working
[2025-06-12 14:45:22] ERROR: error is working
[2025-06-12 14:56:02] ERROR: error is working
[2025-06-12 14:56:34] ERROR: error is working
[2025-06-13 08:36:23] ERROR: error is working
[2025-06-13 10:04:18] ERROR: error is working
[2025-06-13 10:07:52] ERROR: error is working
[2025-06-13 12:02:38] ERROR: This is an error message for leaveModel/employeeLeaveUpdateModel: Error: Unknown column 'LR_id' in 'where clause'
[2025-06-13 12:02:42] ERROR: This is an error message for leaveModel/employeeLeaveUpdateModel: Error: Unknown column 'LR_id' in 'where clause'
[2025-06-13 12:03:11] ERROR: error is working
[2025-06-13 12:03:15] ERROR: error is working
[2025-06-13 12:03:17] ERROR: This is an error message for leaveModel/employeeLeaveUpdateModel: ReferenceError: result is not defined
[2025-06-13 12:03:45] ERROR: error is working
[2025-06-13 12:03:52] ERROR: error is working
[2025-06-13 12:03:56] ERROR: error is working
[2025-06-13 13:34:12] ERROR: error is working
[2025-06-13 14:07:32] ERROR: error is working
[2025-06-13 15:34:14] ERROR: error is working
[2025-06-13 15:34:16] ERROR: error is working
[2025-06-13 15:35:51] ERROR: error is working
[2025-06-13 15:36:28] ERROR: error is working
[2025-06-13 16:05:36] ERROR: error is working
[2025-06-13 16:05:52] ERROR: error is working
[2025-06-13 16:05:59] ERROR: error is working
[2025-06-13 16:06:11] ERROR: error is working
[2025-06-13 16:12:25] ERROR: error is working
[2025-06-13 16:12:27] ERROR: error is working
[2025-06-13 16:12:35] ERROR: error is working
[2025-06-13 17:40:20] ERROR: error is working
[2025-06-13 17:40:23] ERROR: error is working
[2025-06-13 17:40:25] ERROR: error is working
[2025-06-13 17:40:27] ERROR: error is working
[2025-06-13 17:40:28] ERROR: error is working
[2025-06-13 17:40:30] ERROR: error is working
[2025-06-13 17:40:35] ERROR: error is working
[2025-06-15 12:48:50] ERROR: error is working
[2025-06-15 14:24:37] ERROR: error is working
[2025-06-15 14:30:47] ERROR: error is working
[2025-06-15 14:31:06] ERROR: error is working
[2025-06-15 14:32:40] ERROR: error is working
[2025-06-15 17:09:00] ERROR: error is working
[2025-06-15 17:10:29] ERROR: error is working
[2025-06-15 17:10:41] ERROR: error is working
[2025-06-15 17:14:15] ERROR: error is working
[2025-06-15 17:14:17] ERROR: error is working
[2025-06-15 17:15:05] ERROR: error is working
[2025-06-15 17:15:32] ERROR: error is working
[2025-06-15 17:16:26] ERROR: error is working
[2025-06-15 17:18:16] ERROR: error is working
[2025-06-15 17:20:35] ERROR: error is working
[2025-06-15 17:24:47] ERROR: error is working
[2025-06-15 17:26:05] ERROR: error is working
[2025-06-15 17:27:23] ERROR: error is working
[2025-06-15 17:27:50] ERROR: error is working
[2025-06-15 17:27:55] ERROR: error is working
[2025-06-16 19:48:41] ERROR: error is working
[2025-06-17 08:12:49] ERROR: error is working
[2025-06-17 09:07:58] ERROR: error is working
[2025-06-17 09:08:50] ERROR: error is working
[2025-06-17 09:33:12] ERROR: error is working
[2025-06-17 09:33:16] ERROR: error is working
[2025-06-17 09:33:53] ERROR: error is working
[2025-06-17 09:34:10] ERROR: error is working
[2025-06-17 09:34:47] ERROR: error is working
[2025-06-17 09:34:53] ERROR: error is working
[2025-06-17 09:34:56] ERROR: error is working
[2025-06-17 09:35:04] ERROR: error is working
[2025-06-17 17:27:57] ERROR: This is an error message for employeeModel/leaveBalanceModel: Error: You have an error in your SQL syntax; check the manual that corresponds to your MySQL server version for the right syntax to use near '?' at line 4
[2025-06-17 17:31:12] ERROR: This is an error message for employeeModel/leaveBalanceModel: Error: You have an error in your SQL syntax; check the manual that corresponds to your MySQL server version for the right syntax to use near '?' at line 4
